<?xml version="1.0" encoding="UTF-8"?>
<!-- Generated by org.testng.reporters.JUnitXMLReporter -->
<testsuite hostname="LAPTOP-5857S6OR" ignored="10" name="Test" tests="12" failures="0" timestamp="2023-04-20T18:26:58 IST" time="61.847" errors="0">
  <testcase name="runLogin" time="2.262" classname="testcase.TC_001_LoginPage"/>
  <testcase name="runLogin" time="1.852" classname="testcase.TC_001_LoginPage"/>
  <testcase name="runHomePage" time="20.361" classname="testcase.TC_003_HomePage"/>
  <testcase name="runCreateLead" time="21.403" classname="testcase.TC_002_CreateLeadPage"/>
  <testcase name="runMyLeadsPage" time="22.335" classname="testcase.TC_005_MyLeadsPage"/>
  <testcase name="runMyHomePage" time="22.911" classname="testcase.TC_004_MyHomePage"/>
  <testcase name="runViewLeadPage" time="10.882" classname="testcase.TC_006_ViewLeadPage"/>
  <testcase name="runHomePage" time="16.111" classname="testcase.TC_003_HomePage"/>
  <testcase name="runCreateLead" time="17.296" classname="testcase.TC_002_CreateLeadPage"/>
  <testcase name="runMyLeadsPage" time="18.63" classname="testcase.TC_005_MyLeadsPage"/>
  <testcase name="runMyHomePage" time="17.476" classname="testcase.TC_004_MyHomePage"/>
  <testcase name="runViewLeadPage" time="15.845" classname="testcase.TC_006_ViewLeadPage"/>
  <testcase name="@BeforeSuite startReport" time="0.0" classname="base.ProjectSpecificMethod">
    <ignored/>
  </testcase> <!-- @BeforeSuite startReport -->
  <testcase name="@BeforeSuite startReport" time="0.0" classname="base.ProjectSpecificMethod">
    <ignored/>
  </testcase> <!-- @BeforeSuite startReport -->
  <testcase name="@BeforeSuite startReport" time="0.0" classname="base.ProjectSpecificMethod">
    <ignored/>
  </testcase> <!-- @BeforeSuite startReport -->
  <testcase name="@BeforeSuite startReport" time="0.0" classname="base.ProjectSpecificMethod">
    <ignored/>
  </testcase> <!-- @BeforeSuite startReport -->
  <testcase name="@BeforeSuite startReport" time="0.0" classname="base.ProjectSpecificMethod">
    <ignored/>
  </testcase> <!-- @BeforeSuite startReport -->
  <testcase name="@AfterSuite stopReport" time="0.0" classname="base.ProjectSpecificMethod">
    <ignored/>
  </testcase> <!-- @AfterSuite stopReport -->
  <testcase name="@AfterSuite stopReport" time="0.0" classname="base.ProjectSpecificMethod">
    <ignored/>
  </testcase> <!-- @AfterSuite stopReport -->
  <testcase name="@AfterSuite stopReport" time="0.0" classname="base.ProjectSpecificMethod">
    <ignored/>
  </testcase> <!-- @AfterSuite stopReport -->
  <testcase name="@AfterSuite stopReport" time="0.0" classname="base.ProjectSpecificMethod">
    <ignored/>
  </testcase> <!-- @AfterSuite stopReport -->
  <testcase name="@AfterSuite stopReport" time="0.0" classname="base.ProjectSpecificMethod">
    <ignored/>
  </testcase> <!-- @AfterSuite stopReport -->
</testsuite> <!-- Test -->
